# JRE version: OpenJDK Runtime Environment Microsoft-8035246 (17.0.8+7) (build 17.0.8+7-LTS)
# Java VM: OpenJDK 64-Bit Server VM Microsoft-8035246 (17.0.8+7-LTS, mixed mode, sharing, tiered, compressed oops, compressed class ptrs, g1 gc, windows-amd64)
GC Precious Log:
 CPUs: 8 total, 8 available
 Memory: 7863M
 Large Page Support: Disabled
 NUMA Support: Disabled
 Compressed Oops: Enabled (32-bit)
 Heap Region Size: 1M
 Heap Min Capacity: 8M
 Heap Initial Capacity: 124M
 Heap Max Capacity: 2G
 Pre-touch: Disabled
 Parallel Workers: 8
 Concurrent Workers: 2
 Concurrent Refinement Workers: 8
 Periodic GC: Disabled
Heap:
 garbage-first heap   total 258048K, used 208895K [0x0000000080000000, 0x0000000100000000)
  region size 1024K, 46 young (47104K), 7 survivors (7168K)
 Metaspace       used 100319K, committed 101248K, reserved 557056K
  class space    used 13685K, committed 14144K, reserved 425984K
GC Heap History (20 events):
Event: 31.102 GC heap before
{Heap before GC invocations=37 (full 0):
 garbage-first heap   total 215040K, used 133823K [0x0000000080000000, 0x0000000100000000)
  region size 1024K, 10 young (10240K), 3 survivors (3072K)
 Metaspace       used 91157K, committed 92032K, reserved 557056K
  class space    used 12653K, committed 13056K, reserved 425984K
}
Event: 31.107 GC heap after
{Heap after GC invocations=38 (full 0):
 garbage-first heap   total 258048K, used 126939K [0x0000000080000000, 0x0000000100000000)
  region size 1024K, 2 young (2048K), 2 survivors (2048K)
 Metaspace       used 91157K, committed 92032K, reserved 557056K
  class space    used 12653K, committed 13056K, reserved 425984K
}
Event: 32.164 GC heap before
{Heap before GC invocations=38 (full 0):
 garbage-first heap   total 258048K, used 207835K [0x0000000080000000, 0x0000000100000000)
  region size 1024K, 81 young (82944K), 2 survivors (2048K)
 Metaspace       used 94892K, committed 95744K, reserved 557056K
  class space    used 13115K, committed 13504K, reserved 425984K
}
Event: 32.171 GC heap after
{Heap after GC invocations=39 (full 0):
 garbage-first heap   total 258048K, used 135938K [0x0000000080000000, 0x0000000100000000)
  region size 1024K, 11 young (11264K), 11 survivors (11264K)
 Metaspace       used 94892K, committed 95744K, reserved 557056K
  class space    used 13115K, committed 13504K, reserved 425984K
}
Event: 33.289 GC heap before
{Heap before GC invocations=40 (full 0):
 garbage-first heap   total 258048K, used 207618K [0x0000000080000000, 0x0000000100000000)
  region size 1024K, 82 young (83968K), 11 survivors (11264K)
 Metaspace       used 96072K, committed 96960K, reserved 557056K
  class space    used 13252K, committed 13696K, reserved 425984K
}
Event: 33.301 GC heap after
{Heap after GC invocations=41 (full 0):
 garbage-first heap   total 258048K, used 142960K [0x0000000080000000, 0x0000000100000000)
  region size 1024K, 7 young (7168K), 7 survivors (7168K)
 Metaspace       used 96072K, committed 96960K, reserved 557056K
  class space    used 13252K, committed 13696K, reserved 425984K
}
Event: 33.365 GC heap before
{Heap before GC invocations=41 (full 0):
 garbage-first heap   total 258048K, used 147056K [0x0000000080000000, 0x0000000100000000)
  region size 1024K, 12 young (12288K), 7 survivors (7168K)
 Metaspace       used 96072K, committed 96960K, reserved 557056K
  class space    used 13252K, committed 13696K, reserved 425984K
}
Event: 33.370 GC heap after
{Heap after GC invocations=42 (full 0):
 garbage-first heap   total 258048K, used 143308K [0x0000000080000000, 0x0000000100000000)
  region size 1024K, 1 young (1024K), 1 survivors (1024K)
 Metaspace       used 96072K, committed 96960K, reserved 557056K
  class space    used 13252K, committed 13696K, reserved 425984K
}
Event: 34.329 GC heap before
{Heap before GC invocations=42 (full 0):
 garbage-first heap   total 258048K, used 213964K [0x0000000080000000, 0x0000000100000000)
  region size 1024K, 67 young (68608K), 1 survivors (1024K)
 Metaspace       used 96161K, committed 97088K, reserved 557056K
  class space    used 13253K, committed 13696K, reserved 425984K
}
Event: 34.333 GC heap after
{Heap after GC invocations=43 (full 0):
 garbage-first heap   total 258048K, used 146516K [0x0000000080000000, 0x0000000100000000)
  region size 1024K, 5 young (5120K), 5 survivors (5120K)
 Metaspace       used 96161K, committed 97088K, reserved 557056K
  class space    used 13253K, committed 13696K, reserved 425984K
}
Event: 34.959 GC heap before
{Heap before GC invocations=43 (full 0):
 garbage-first heap   total 258048K, used 228436K [0x0000000080000000, 0x0000000100000000)
  region size 1024K, 70 young (71680K), 5 survivors (5120K)
 Metaspace       used 96336K, committed 97216K, reserved 557056K
  class space    used 13260K, committed 13696K, reserved 425984K
}
Event: 34.966 GC heap after
{Heap after GC invocations=44 (full 0):
 garbage-first heap   total 258048K, used 152079K [0x0000000080000000, 0x0000000100000000)
  region size 1024K, 9 young (9216K), 9 survivors (9216K)
 Metaspace       used 96336K, committed 97216K, reserved 557056K
  class space    used 13260K, committed 13696K, reserved 425984K
}
Event: 35.478 GC heap before
{Heap before GC invocations=44 (full 0):
 garbage-first heap   total 258048K, used 217615K [0x0000000080000000, 0x0000000100000000)
  region size 1024K, 70 young (71680K), 9 survivors (9216K)
 Metaspace       used 96820K, committed 97728K, reserved 557056K
  class space    used 13327K, committed 13760K, reserved 425984K
}
Event: 35.486 GC heap after
{Heap after GC invocations=45 (full 0):
 garbage-first heap   total 258048K, used 158104K [0x0000000080000000, 0x0000000100000000)
  region size 1024K, 6 young (6144K), 6 survivors (6144K)
 Metaspace       used 96820K, committed 97728K, reserved 557056K
  class space    used 13327K, committed 13760K, reserved 425984K
}
Event: 35.935 GC heap before
{Heap before GC invocations=45 (full 0):
 garbage-first heap   total 258048K, used 222616K [0x0000000080000000, 0x0000000100000000)
  region size 1024K, 62 young (63488K), 6 survivors (6144K)
 Metaspace       used 97208K, committed 98112K, reserved 557056K
  class space    used 13361K, committed 13824K, reserved 425984K
}
Event: 35.941 GC heap after
{Heap after GC invocations=46 (full 0):
 garbage-first heap   total 258048K, used 163297K [0x0000000080000000, 0x0000000100000000)
  region size 1024K, 6 young (6144K), 6 survivors (6144K)
 Metaspace       used 97208K, committed 98112K, reserved 557056K
  class space    used 13361K, committed 13824K, reserved 425984K
}
Event: 36.226 GC heap before
{Heap before GC invocations=46 (full 0):
 garbage-first heap   total 258048K, used 218593K [0x0000000080000000, 0x0000000100000000)
  region size 1024K, 57 young (58368K), 6 survivors (6144K)
 Metaspace       used 97358K, committed 98240K, reserved 557056K
  class space    used 13374K, committed 13824K, reserved 425984K
}
Event: 36.232 GC heap after
{Heap after GC invocations=47 (full 0):
 garbage-first heap   total 258048K, used 166695K [0x0000000080000000, 0x0000000100000000)
  region size 1024K, 4 young (4096K), 4 survivors (4096K)
 Metaspace       used 97358K, committed 98240K, reserved 557056K
  class space    used 13374K, committed 13824K, reserved 425984K
}
Event: 73.863 GC heap before
{Heap before GC invocations=47 (full 0):
 garbage-first heap   total 258048K, used 220967K [0x0000000080000000, 0x0000000100000000)
  region size 1024K, 54 young (55296K), 4 survivors (4096K)
 Metaspace       used 99847K, committed 100736K, reserved 557056K
  class space    used 13650K, committed 14080K, reserved 425984K
}
Event: 73.873 GC heap after
{Heap after GC invocations=48 (full 0):
 garbage-first heap   total 258048K, used 171007K [0x0000000080000000, 0x0000000100000000)
  region size 1024K, 7 young (7168K), 7 survivors (7168K)
 Metaspace       used 99847K, committed 100736K, reserved 557056K
  class space    used 13650K, committed 14080K, reserved 425984K
}

